Using pre-set license
Built from '2022.3/staging' branch; Version is '2022.3.33f1 (b2c853adf198) revision 11716691'; Using compiler version '192829333'; Build Type 'Release'
OS: 'Windows 11  (10.0.22631) 64bit Professional' Language: 'en' Physical Memory: 32523 MB
BatchMode: 1, IsHumanControllingUs: 0, StartBugReporterOnCrash: 0, Is64bit: 1, IsPro: 1

COMMAND LINE ARGUMENTS:
C:\Program Files\Unity\Hub\Editor\2022.3.33f1\Editor\Unity.exe
-adb2
-batchMode
-noUpm
-name
AssetImportWorker6
-projectPath
C:/Github/3D-Platformer/Don't Fall prototype
-logFile
Logs/AssetImportWorker6.log
-srvPort
61660
Successfully changed project path to: C:/Github/3D-Platformer/Don't Fall prototype
C:/Github/3D-Platformer/Don't Fall prototype
[UnityMemory] Configuration Parameters - Can be set up in boot.config
    "memorysetup-bucket-allocator-granularity=16"
    "memorysetup-bucket-allocator-bucket-count=8"
    "memorysetup-bucket-allocator-block-size=33554432"
    "memorysetup-bucket-allocator-block-count=8"
    "memorysetup-main-allocator-block-size=16777216"
    "memorysetup-thread-allocator-block-size=16777216"
    "memorysetup-gfx-main-allocator-block-size=16777216"
    "memorysetup-gfx-thread-allocator-block-size=16777216"
    "memorysetup-cache-allocator-block-size=4194304"
    "memorysetup-typetree-allocator-block-size=2097152"
    "memorysetup-profiler-bucket-allocator-granularity=16"
    "memorysetup-profiler-bucket-allocator-bucket-count=8"
    "memorysetup-profiler-bucket-allocator-block-size=33554432"
    "memorysetup-profiler-bucket-allocator-block-count=8"
    "memorysetup-profiler-allocator-block-size=16777216"
    "memorysetup-profiler-editor-allocator-block-size=1048576"
    "memorysetup-temp-allocator-size-main=16777216"
    "memorysetup-job-temp-allocator-block-size=2097152"
    "memorysetup-job-temp-allocator-block-size-background=1048576"
    "memorysetup-job-temp-allocator-reduction-small-platforms=262144"
    "memorysetup-allocator-temp-initial-block-size-main=262144"
    "memorysetup-allocator-temp-initial-block-size-worker=262144"
    "memorysetup-temp-allocator-size-background-worker=32768"
    "memorysetup-temp-allocator-size-job-worker=262144"
    "memorysetup-temp-allocator-size-preload-manager=33554432"
    "memorysetup-temp-allocator-size-nav-mesh-worker=65536"
    "memorysetup-temp-allocator-size-audio-worker=65536"
    "memorysetup-temp-allocator-size-cloud-worker=32768"
    "memorysetup-temp-allocator-size-gi-baking-worker=262144"
    "memorysetup-temp-allocator-size-gfx=262144"
Player connection [46260] Host "[IP] 192.168.1.150 [Port] 0 [Flags] 2 [Guid] 3171542919 [EditorId] 3171542919 [Version] 1048832 [Id] WindowsEditor(7,Callums-PC) [Debug] 1 [PackageName] WindowsEditor [ProjectName] Editor" joined multi-casting on [225.0.0.222:54997]...

Player connection [46260] Host "[IP] 192.168.1.150 [Port] 0 [Flags] 2 [Guid] 3171542919 [EditorId] 3171542919 [Version] 1048832 [Id] WindowsEditor(7,Callums-PC) [Debug] 1 [PackageName] WindowsEditor [ProjectName] Editor" joined alternative multi-casting on [225.0.0.222:34997]...

[PhysX] Initialized MultithreadedTaskDispatcher with 28 workers.
Refreshing native plugins compatible for Editor in 4.97 ms, found 3 plugins.
Preloading 0 native plugins for Editor in 0.00 ms.
Initialize engine version: 2022.3.33f1 (b2c853adf198)
[Subsystems] Discovering subsystems at path C:/Program Files/Unity/Hub/Editor/2022.3.33f1/Editor/Data/Resources/UnitySubsystems
[Subsystems] Discovering subsystems at path C:/Github/3D-Platformer/Don't Fall prototype/Assets
GfxDevice: creating device client; threaded=0; jobified=0
Direct3D:
    Version:  Direct3D 11.0 [level 11.1]
    Renderer: NVIDIA GeForce RTX 3090 (ID=0x2204)
    Vendor:   NVIDIA
    VRAM:     24326 MB
    Driver:   32.0.15.6590
Initialize mono
Mono path[0] = 'C:/Program Files/Unity/Hub/Editor/2022.3.33f1/Editor/Data/Managed'
Mono path[1] = 'C:/Program Files/Unity/Hub/Editor/2022.3.33f1/Editor/Data/MonoBleedingEdge/lib/mono/unityjit-win32'
Mono config path = 'C:/Program Files/Unity/Hub/Editor/2022.3.33f1/Editor/Data/MonoBleedingEdge/etc'
Using monoOptions --debugger-agent=transport=dt_socket,embedding=1,server=y,suspend=n,address=127.0.0.1:56172
Begin MonoManager ReloadAssembly
Registering precompiled unity dll's ...
Register platform support module: C:/Program Files/Unity/Hub/Editor/2022.3.33f1/Editor/Data/PlaybackEngines/WindowsStandaloneSupport/UnityEditor.WindowsStandalone.Extensions.dll
Registered in 0.004939 seconds.
- Loaded All Assemblies, in  0.198 seconds
Native extension for WindowsStandalone target not found
Mono: successfully reloaded assembly
- Finished resetting the current domain, in  0.145 seconds
Domain Reload Profiling: 342ms
	BeginReloadAssembly (68ms)
		ExecutionOrderSort (0ms)
		DisableScriptedObjects (0ms)
		BackupInstance (0ms)
		ReleaseScriptingObjects (0ms)
		CreateAndSetChildDomain (0ms)
	RebuildCommonClasses (18ms)
	RebuildNativeTypeToScriptingClass (5ms)
	initialDomainReloadingComplete (33ms)
	LoadAllAssembliesAndSetupDomain (72ms)
		LoadAssemblies (67ms)
		RebuildTransferFunctionScriptingTraits (0ms)
		AnalyzeDomain (71ms)
			TypeCache.Refresh (70ms)
				TypeCache.ScanAssembly (63ms)
			ScanForSourceGeneratedMonoScriptInfo (0ms)
			ResolveRequiredComponents (0ms)
	FinalizeReload (145ms)
		ReleaseScriptCaches (0ms)
		RebuildScriptCaches (0ms)
		SetupLoadedEditorAssemblies (115ms)
			LogAssemblyErrors (0ms)
			InitializePlatformSupportModulesInManaged (5ms)
			SetLoadedEditorAssemblies (4ms)
			RefreshPlugins (0ms)
			BeforeProcessingInitializeOnLoad (1ms)
			ProcessInitializeOnLoadAttributes (80ms)
			ProcessInitializeOnLoadMethodAttributes (25ms)
			AfterProcessingInitializeOnLoad (0ms)
			EditorAssembliesLoaded (0ms)
		ExecutionOrderSort2 (0ms)
		AwakeInstancesAfterBackupRestoration (0ms)
========================================================================
Worker process is ready to serve import requests
Begin MonoManager ReloadAssembly
- Loaded All Assemblies, in  0.342 seconds
Refreshing native plugins compatible for Editor in 1.80 ms, found 3 plugins.
Native extension for WindowsStandalone target not found
Package Manager log level set to [2]
[Package Manager] Server::EnsureServerProcessIsRunning -- launch failed, reason: Unity was launched with the -noUpm command-line argument
[Package Manager] UpmClient::Send -- Unable to send message (not connected to UPM process).
[Package Manager] Cannot connect to Unity Package Manager local server
Mono: successfully reloaded assembly
- Finished resetting the current domain, in  0.317 seconds
Domain Reload Profiling: 657ms
	BeginReloadAssembly (80ms)
		ExecutionOrderSort (0ms)
		DisableScriptedObjects (3ms)
		BackupInstance (0ms)
		ReleaseScriptingObjects (0ms)
		CreateAndSetChildDomain (11ms)
	RebuildCommonClasses (18ms)
	RebuildNativeTypeToScriptingClass (5ms)
	initialDomainReloadingComplete (23ms)
	LoadAllAssembliesAndSetupDomain (214ms)
		LoadAssemblies (170ms)
		RebuildTransferFunctionScriptingTraits (0ms)
		AnalyzeDomain (92ms)
			TypeCache.Refresh (81ms)
				TypeCache.ScanAssembly (73ms)
			ScanForSourceGeneratedMonoScriptInfo (8ms)
			ResolveRequiredComponents (3ms)
	FinalizeReload (317ms)
		ReleaseScriptCaches (0ms)
		RebuildScriptCaches (0ms)
		SetupLoadedEditorAssemblies (235ms)
			LogAssemblyErrors (0ms)
			InitializePlatformSupportModulesInManaged (4ms)
			SetLoadedEditorAssemblies (2ms)
			RefreshPlugins (0ms)
			BeforeProcessingInitializeOnLoad (36ms)
			ProcessInitializeOnLoadAttributes (176ms)
			ProcessInitializeOnLoadMethodAttributes (13ms)
			AfterProcessingInitializeOnLoad (4ms)
			EditorAssembliesLoaded (0ms)
		ExecutionOrderSort2 (0ms)
		AwakeInstancesAfterBackupRestoration (4ms)
Launched and connected shader compiler UnityShaderCompiler.exe after 0.04 seconds
Refreshing native plugins compatible for Editor in 2.71 ms, found 3 plugins.
Preloading 0 native plugins for Editor in 0.00 ms.
Unloading 3163 Unused Serialized files (Serialized files now loaded: 0)
Unloading 33 unused Assets / (57.6 KB). Loaded Objects now: 3625.
Memory consumption went from 125.8 MB to 125.7 MB.
Total: 2.300900 ms (FindLiveObjects: 0.164900 ms CreateObjectMapping: 0.063800 ms MarkObjects: 1.996000 ms  DeleteObjects: 0.075300 ms)

AssetImportParameters requested are different than current active one (requested -> active):
  custom:scripting/monoscript/fileName/TestsCallback.cs: 6648df980912e96eaae5c39374242936 -> 420027d2a6ccaf7376f849b0f965edcd
  custom:scripting/monoscript/fileName/ProjectPart.cs: fa153b81a1be75d157e4b8a3e4771fc2 -> e09789f5d21ec839c23f3a2c8c340a5a
  custom:scripting/monoscript/fileName/SolutionGuidGenerator.cs: fff5e43ac88ff72f14745857eb692caa -> 39a21c4f5e351b9b4a2916e800641a4a
  custom:container-demuxer-ogg: 62fdf1f143b41e24485cea50d1cbac27 -> 
  custom:video-decoder-ogg-theora: a1e56fd34408186e4bbccfd4996cb3dc -> 
  custom:scripting/monoscript/fileName/CommandLineParser.cs: a5ce035a20fc026f12db6b796b898d65 -> 25c8ce1c1ecf3aba3903da1187b88166
  custom:scripting/monoscript/fileName/RiderScriptEditor.cs: 4a0f526f1b31c7d9c331714a284a6791 -> 4ddd2581343451de6f696adaf8c0958f
  custom:framework-win-MediaFoundation: 216162199b28c13a410421893ffa2e32 -> 
  custom:scripting/monoscript/fileName/LastWriteTracker.cs: e117305b6c922c0adb79679b01fac2c8 -> c78bd5b4fa28ac60ca7ed50f9c2b99d2
  custom:scripting/monoscript/fileName/RiderStyles.cs: cd129c7ac3790ffa53f73149c91a781a -> 871a958d95b29e48af876a5d411c626a
  custom:scripting/monoscript/fileName/RiderInitializer.cs: 68ef77945a5c56741cb9a0219dfe7657 -> d44ce07d40dcd4d066b6c1c8d08f3519
  custom:scripting/monoscript/fileName/TestEvent.cs: 600966b5c87333333e8aa4555a03efa6 -> ff94f6973aa3f0db280f3ed0b7577e48
  custom:scripting/monoscript/fileName/IFileIO.cs: f591b2fd0e7a5b3d1b89896fce5380e7 -> d1715877724f6e7813b95bae6fbc24d5
  custom:scripting/monoscript/fileName/ProjectGeneration.cs: 6a1cff937ba48d4507adb893269bdb3d -> 5d892aecaaa9b5c9f4162e2ae2b374ef
  custom:scripting/monoscript/fileName/RiderPathUtil.cs: b3d293b09b57cc7b91d500a8b861ad70 -> a77167e74e3a3d01856e2c8265c09e64
  custom:CustomObjectIndexerAttribute: 9a22284fe3817be447336de3de66b15e -> 
  custom:container-demuxer-webm: 4f35f7cbe854078d1ac9338744f61a02 -> 
  custom:scripting/monoscript/fileName/SyncTestRunCallback.cs: 6109fbb45740725119ed9609ae2cb6ab -> 0f406f4b09f3b7bd1bfd8f867df2e978
  custom:scripting/monoscript/fileName/CallbackInitializer.cs: d227e453fc55ff33477a0f8f90826257 -> b6cad195ed4890ee7aed8c4de2807157
  custom:scripting/monoscript/fileName/SyncTestRunEventsHandler.cs: a9e2807330a6f2c36d667ee1a2c4f414 -> 9ebe337aca2d71ac02fccc5c886e0668
  custom:scripting/monoscript/fileName/StringUtils.cs: cd553e77d1122a9b1572dc41482ec6fa -> e49393bed9b27f8092372b1c93fd8ad8
  custom:scripting/monoscript/fileName/StringBuilderExtensions.cs: ce23927f3c011b62498875f4f9a60a9a -> 14a3bca92eed52569c50d58813f48a9b
  custom:scripting/monoscript/fileName/IGenerator.cs: e53c624814a84a932e0860f584f7deb9 -> 7460422a7cf0a449df86606b185ffb0e
  custom:scripting/monoscript/fileName/IAssemblyNameProvider.cs: de79d586ca221e8ac344be669ec25f7e -> 005dc9d9c07dc825fea94e0fbc841e20
  custom:scripting/monoscript/fileName/GUIDProvider.cs: 27f6b36734be7c6510b3f0cc4a697fc7 -> cdd3f47e4fe593d2dfdf9915fa537e3f
  custom:container-muxer-webm: aa71ff27fc2769a1b78a27578f13a17b -> 
  custom:scripting/monoscript/fileName/IGUIDGenerator.cs: 153317bb7bf55f081a729ef02e3a13bd -> bad2c2e3b2dbec33c36bdfd6fc903e19
  custom:video-decoder-webm-vp8: 9c59270c3fd7afecdb556c50c9e8de78 -> 
  custom:scripting/monoscript/fileName/RiderAssetPostprocessor.cs: e6ad4f374cd20986773f123ef82b628b -> e95044eb94149eee30f5192e36c02104
  custom:scripting/monoscript/fileName/EscapeToQuit.cs: 384681f22637b3e39e17d1e2f6251f1a -> 8f118558f30242c0cd6448182d0469ed
  custom:scripting/monoscript/fileName/SerializableVersion.cs: 37d1dc623e9e336a7d92f02239a5eea0 -> 66cf30c0372dc35aea960f71af56ff8a
  custom:scripting/monoscript/fileName/DoorToNextScene.cs: e38e1e20427dc57b7f25acb11f6ec56d -> 980ad7855920f215fd66a340a41197be
  custom:SearchIndexIgnoredProperties: e643bd26f0fe6173181afceb89e7c659 -> 
  custom:AudioImporter_EditorPlatform: d09bf68614088b80899f8185d706f6e7 -> 
  custom:scripting/monoscript/fileName/RiderMenu.cs: 2f14cf7eed9a2ad63962ab0ec2641b7b -> a430c0ff873704a92fbd3fa96f173c8d
  custom:scripting/monoscript/fileName/Discovery.cs: 8029393f215a21f61e4b017c92f6b3d9 -> 2b1006b9be47307c73378eaafc98b6fb
  custom:scripting/monoscript/fileName/CameraRotation3.cs: 3283ac62921d7e5eccfbe733022ab001 -> 85be7e095b5eec76a75ac5fa7bcf6991
  custom:scripting/monoscript/fileName/FileIOProvider.cs: cd91aaa86c461e807d984ea50a1f782b -> 304525d180d2b661ce338fc8a3225752
  custom:scripting/monoscript/fileName/FileSystemUtil.cs: 6856b263874916a35e9cabf0faa6bad8 -> 3a1d37ca0015bdfbd542c903cf738043
  custom:scripting/monoscript/fileName/StartUpMethodExecutor.cs: ecce11359b7760342ad14bc80bad2220 -> 45cc23141d36926881d69e4d2f8950c7
  custom:scripting/monoscript/fileName/EnterToStart.cs: 5f194305005f30b9eb4ee2f571f7894d -> d026f729557c2d255a108cde92ecb750
  custom:scripting/monoscript/fileName/spinner.cs: afa2edc38e30bd8837739b43c29a9b91 -> 8938889eb94290a4926904f37c7d50d2
  custom:video-encoder-webm-vp8: eb34c28f22e8b96e1ab97ce403110664 -> 
  custom:audio-decoder-ogg-vorbis: bf7c407c2cedff20999df2af8eb42d56 -> 
  custom:scripting/monoscript/fileName/PackageManagerTracker.cs: 6b4f549427cfb6e5a3495618f2118a44 -> 651bbc6653e509037fd83f80aa48fad7
  custom:scripting/monoscript/fileName/RiderScriptEditorDataPersisted.cs: 86b94c4c59f51e667ab7e1f2d997c184 -> 93e7c36b8be60b7055550adb6ace534f
  custom:scripting/monoscript/fileName/CameraRotation2.cs: f155ae9b37cbcf32fccb86006d73a278 -> bbb04ec7f702fabb24cf3019a02c0f23
  custom:scripting/monoscript/fileName/AssemblyNameProvider.cs: 3f6d31526fee168fdd424ef9cb4d7d60 -> 170b0fd934f78f2e6a09342014bfa1fc
  custom:scripting/monoscript/fileName/EditorPluginInterop.cs: 1a28103090f24bb43afd0997a69f9b48 -> 087796556f1ed2025e28209e52d82ccc
  custom:scripting/monoscript/fileName/DeathPlane.cs: b53207f75689c8c0ff8b0d9e7bed8f9c -> 1669dd841ab500fd3168e1b06d0c8d34
  custom:scripting/monoscript/fileName/MusicPlayer.cs: 5a9d8b555156c6ed3b49e974e164be6a -> 245f9a2e9705e888ee5f9db7bea16de9
  custom:scripting/monoscript/fileName/RiderScriptEditorData.cs: ac763da56c18afcbbc99b7cf67651110 -> fb9aed0c9d95878995d450a00d549f78
  custom:scripting/monoscript/fileName/RiderTestRunner.cs: a09449e7603772ef60589c92d46be0c3 -> b9ea3ff0565ae2955ea8f15dd6e578d4
  custom:scripting/monoscript/fileName/PlayerMovement.cs: 5c1499cfc43e291157e191fb54bb34f9 -> 42480eed24e61f9d7e7e895933644f96
  custom:audio-encoder-webm-vorbis: bf7c407c2cedff20999df2af8eb42d56 -> 
  custom:scripting/monoscript/fileName/PluginSettings.cs: 727424108b6598a2387dd87fa5ed687f -> 4ee82f9c59f87f1dece05e6b9763c365
  custom:scripting/monoscript/fileName/LibcNativeInterop.cs: c73f097a3ef89ebf41e7633fc6e71aff -> 77c1db6bef2e1063dc874463b520ed18
  custom:scripting/monoscript/fileName/CallbackData.cs: 244f50edb9a06e595eeca45abc022db5 -> b15b13425eedd78fb5c4fc4930a9e8b4
========================================================================
Received Import Request.
  Time since last request: 10642.429503 seconds.
  path: Assets/BrokenVector/LowPolyRockPack/Textures/Colorsheet Rock Sand.png
  artifactKey: Guid(dd4ddf430e155f54cb27867f5a466c16) Importer(815301076,1909f56bfc062723c751e8b465ee728b)
Start importing Assets/BrokenVector/LowPolyRockPack/Textures/Colorsheet Rock Sand.png using Guid(dd4ddf430e155f54cb27867f5a466c16) Importer(815301076,1909f56bfc062723c751e8b465ee728b) [PhysX] Initialized MultithreadedTaskDispatcher with 28 workers.
[PhysX] Initialized MultithreadedTaskDispatcher with 28 workers.
 -> (artifact id: 'b37a4b0995e28c2e0a2b58f33bf5676e') in 0.036368 seconds
Number of updated asset objects reloaded before import = 0
Number of asset objects unloaded after import = 2
========================================================================
Received Import Request.
  Time since last request: 0.376841 seconds.
  path: Assets/BrokenVector/LowPolyRockPack/Prefabs/Rock Type1 04.prefab
  artifactKey: Guid(105b83a46d287294bbe7892a1e1f2ea3) Importer(815301076,1909f56bfc062723c751e8b465ee728b)
Start importing Assets/BrokenVector/LowPolyRockPack/Prefabs/Rock Type1 04.prefab using Guid(105b83a46d287294bbe7892a1e1f2ea3) Importer(815301076,1909f56bfc062723c751e8b465ee728b) [PhysX] Initialized MultithreadedTaskDispatcher with 28 workers.
[PhysX] Initialized MultithreadedTaskDispatcher with 28 workers.
 -> (artifact id: '9d70ca9b85a326868aa9010abcbefc95') in 0.043606 seconds
Number of updated asset objects reloaded before import = 0
Number of asset objects unloaded after import = 9
========================================================================
Received Import Request.
  Time since last request: 0.000020 seconds.
  path: Assets/BrokenVector/LowPolyRockPack/Prefabs/Rock Type3 01.prefab
  artifactKey: Guid(b73c6c1069411b947aaaa9d12c37c652) Importer(815301076,1909f56bfc062723c751e8b465ee728b)
Start importing Assets/BrokenVector/LowPolyRockPack/Prefabs/Rock Type3 01.prefab using Guid(b73c6c1069411b947aaaa9d12c37c652) Importer(815301076,1909f56bfc062723c751e8b465ee728b) [PhysX] Initialized MultithreadedTaskDispatcher with 28 workers.
[PhysX] Initialized MultithreadedTaskDispatcher with 28 workers.
 -> (artifact id: '0c235bb8320c5d36b2bb21796e41e306') in 0.010273 seconds
Number of updated asset objects reloaded before import = 0
Number of asset objects unloaded after import = 9
========================================================================
Received Import Request.
  Time since last request: 0.000011 seconds.
  path: Assets/BrokenVector/LowPolyRockPack/Prefabs/Rock Type5 04.prefab
  artifactKey: Guid(329d0b0187f24cd4da9f775d83708bd6) Importer(815301076,1909f56bfc062723c751e8b465ee728b)
Start importing Assets/BrokenVector/LowPolyRockPack/Prefabs/Rock Type5 04.prefab using Guid(329d0b0187f24cd4da9f775d83708bd6) Importer(815301076,1909f56bfc062723c751e8b465ee728b) [PhysX] Initialized MultithreadedTaskDispatcher with 28 workers.
[PhysX] Initialized MultithreadedTaskDispatcher with 28 workers.
 -> (artifact id: '71cbcfd265b55d247bf273e0756e4f1f') in 0.009685 seconds
Number of updated asset objects reloaded before import = 0
Number of asset objects unloaded after import = 9
========================================================================
Received Import Request.
  Time since last request: 0.000016 seconds.
  path: Assets/BrokenVector/LowPolyRockPack/Prefabs/Rock Type2 03.prefab
  artifactKey: Guid(36cf43d46aeb7494b82aa54d61da3bd7) Importer(815301076,1909f56bfc062723c751e8b465ee728b)
Start importing Assets/BrokenVector/LowPolyRockPack/Prefabs/Rock Type2 03.prefab using Guid(36cf43d46aeb7494b82aa54d61da3bd7) Importer(815301076,1909f56bfc062723c751e8b465ee728b) [PhysX] Initialized MultithreadedTaskDispatcher with 28 workers.
[PhysX] Initialized MultithreadedTaskDispatcher with 28 workers.
 -> (artifact id: '9ac0ef5519e5dac44cb6654d97dae9ab') in 0.008341 seconds
Number of updated asset objects reloaded before import = 0
Number of asset objects unloaded after import = 9
========================================================================
Received Import Request.
  Time since last request: 39.114373 seconds.
  path: Assets/Downloaded Packs/Rocks/LowPolyRockPack/Materials/Green.mat
  artifactKey: Guid(58580be5a1ee44d42a9966d48abb8758) Importer(815301076,1909f56bfc062723c751e8b465ee728b)
Start importing Assets/Downloaded Packs/Rocks/LowPolyRockPack/Materials/Green.mat using Guid(58580be5a1ee44d42a9966d48abb8758) Importer(815301076,1909f56bfc062723c751e8b465ee728b) [PhysX] Initialized MultithreadedTaskDispatcher with 28 workers.
[PhysX] Initialized MultithreadedTaskDispatcher with 28 workers.
 -> (artifact id: 'fc97862c711cff6ea5e0ae0b048c21fc') in 0.021204 seconds
Number of updated asset objects reloaded before import = 0
Number of asset objects unloaded after import = 2
========================================================================
Received Import Request.
  Time since last request: 0.000013 seconds.
  path: Assets/Downloaded Packs/Rocks/LowPolyRockPack/Materials/Sand.mat
  artifactKey: Guid(ab1c456102124f54b9ac73a185735796) Importer(815301076,1909f56bfc062723c751e8b465ee728b)
Start importing Assets/Downloaded Packs/Rocks/LowPolyRockPack/Materials/Sand.mat using Guid(ab1c456102124f54b9ac73a185735796) Importer(815301076,1909f56bfc062723c751e8b465ee728b) [PhysX] Initialized MultithreadedTaskDispatcher with 28 workers.
[PhysX] Initialized MultithreadedTaskDispatcher with 28 workers.
 -> (artifact id: '93b3bb04eca5ccfe664f18afc7663a28') in 0.007673 seconds
Number of updated asset objects reloaded before import = 0
Number of asset objects unloaded after import = 2
========================================================================
Received Prepare
Begin MonoManager ReloadAssembly
- Loaded All Assemblies, in  0.255 seconds
Refreshing native plugins compatible for Editor in 1.93 ms, found 3 plugins.
Native extension for WindowsStandalone target not found
[Package Manager] Server::EnsureServerProcessIsRunning -- launch failed, reason: Unity was launched with the -noUpm command-line argument
[Package Manager] UpmClient::Send -- Unable to send message (not connected to UPM process).
[Package Manager] Cannot connect to Unity Package Manager local server
Mono: successfully reloaded assembly
- Finished resetting the current domain, in  0.536 seconds
Domain Reload Profiling: 790ms
	BeginReloadAssembly (92ms)
		ExecutionOrderSort (0ms)
		DisableScriptedObjects (2ms)
		BackupInstance (0ms)
		ReleaseScriptingObjects (0ms)
		CreateAndSetChildDomain (20ms)
	RebuildCommonClasses (24ms)
	RebuildNativeTypeToScriptingClass (6ms)
	initialDomainReloadingComplete (16ms)
	LoadAllAssembliesAndSetupDomain (115ms)
		LoadAssemblies (155ms)
		RebuildTransferFunctionScriptingTraits (0ms)
		AnalyzeDomain (8ms)
			TypeCache.Refresh (4ms)
				TypeCache.ScanAssembly (0ms)
			ScanForSourceGeneratedMonoScriptInfo (0ms)
			ResolveRequiredComponents (3ms)
	FinalizeReload (536ms)
		ReleaseScriptCaches (0ms)
		RebuildScriptCaches (0ms)
		SetupLoadedEditorAssemblies (215ms)
			LogAssemblyErrors (0ms)
			InitializePlatformSupportModulesInManaged (4ms)
			SetLoadedEditorAssemblies (3ms)
			RefreshPlugins (0ms)
			BeforeProcessingInitializeOnLoad (34ms)
			ProcessInitializeOnLoadAttributes (155ms)
			ProcessInitializeOnLoadMethodAttributes (14ms)
			AfterProcessingInitializeOnLoad (5ms)
			EditorAssembliesLoaded (0ms)
		ExecutionOrderSort2 (0ms)
		AwakeInstancesAfterBackupRestoration (6ms)
Refreshing native plugins compatible for Editor in 1.72 ms, found 3 plugins.
Preloading 0 native plugins for Editor in 0.00 ms.
Unloading 3142 Unused Serialized files (Serialized files now loaded: 0)
Unloading 24 unused Assets / (31.6 KB). Loaded Objects now: 3671.
Memory consumption went from 126.3 MB to 126.3 MB.
Total: 1.621900 ms (FindLiveObjects: 0.126900 ms CreateObjectMapping: 0.038200 ms MarkObjects: 1.427300 ms  DeleteObjects: 0.029100 ms)

Prepare: number of updated asset objects reloaded= 0
AssetImportParameters requested are different than current active one (requested -> active):
  custom:scripting/monoscript/fileName/TestsCallback.cs: 6648df980912e96eaae5c39374242936 -> 420027d2a6ccaf7376f849b0f965edcd
  custom:scripting/monoscript/fileName/ProjectPart.cs: fa153b81a1be75d157e4b8a3e4771fc2 -> e09789f5d21ec839c23f3a2c8c340a5a
  custom:scripting/monoscript/fileName/SolutionGuidGenerator.cs: fff5e43ac88ff72f14745857eb692caa -> 39a21c4f5e351b9b4a2916e800641a4a
  custom:container-demuxer-ogg: 62fdf1f143b41e24485cea50d1cbac27 -> 
  custom:video-decoder-ogg-theora: a1e56fd34408186e4bbccfd4996cb3dc -> 
  custom:scripting/monoscript/fileName/CommandLineParser.cs: a5ce035a20fc026f12db6b796b898d65 -> 25c8ce1c1ecf3aba3903da1187b88166
  custom:scripting/monoscript/fileName/RiderScriptEditor.cs: 4a0f526f1b31c7d9c331714a284a6791 -> 4ddd2581343451de6f696adaf8c0958f
  custom:framework-win-MediaFoundation: 216162199b28c13a410421893ffa2e32 -> 
  custom:scripting/monoscript/fileName/LastWriteTracker.cs: e117305b6c922c0adb79679b01fac2c8 -> c78bd5b4fa28ac60ca7ed50f9c2b99d2
  custom:scripting/monoscript/fileName/RiderStyles.cs: cd129c7ac3790ffa53f73149c91a781a -> 871a958d95b29e48af876a5d411c626a
  custom:scripting/monoscript/fileName/RiderInitializer.cs: 68ef77945a5c56741cb9a0219dfe7657 -> d44ce07d40dcd4d066b6c1c8d08f3519
  custom:scripting/monoscript/fileName/TestEvent.cs: 600966b5c87333333e8aa4555a03efa6 -> ff94f6973aa3f0db280f3ed0b7577e48
  custom:scripting/monoscript/fileName/IFileIO.cs: f591b2fd0e7a5b3d1b89896fce5380e7 -> d1715877724f6e7813b95bae6fbc24d5
  custom:scripting/monoscript/fileName/ProjectGeneration.cs: 6a1cff937ba48d4507adb893269bdb3d -> 5d892aecaaa9b5c9f4162e2ae2b374ef
  custom:scripting/monoscript/fileName/RiderPathUtil.cs: b3d293b09b57cc7b91d500a8b861ad70 -> a77167e74e3a3d01856e2c8265c09e64
  custom:CustomObjectIndexerAttribute: 9a22284fe3817be447336de3de66b15e -> 
  custom:container-demuxer-webm: 4f35f7cbe854078d1ac9338744f61a02 -> 
  custom:scripting/monoscript/fileName/SyncTestRunCallback.cs: 6109fbb45740725119ed9609ae2cb6ab -> 0f406f4b09f3b7bd1bfd8f867df2e978
  custom:scripting/monoscript/fileName/CallbackInitializer.cs: d227e453fc55ff33477a0f8f90826257 -> b6cad195ed4890ee7aed8c4de2807157
  custom:scripting/monoscript/fileName/SyncTestRunEventsHandler.cs: a9e2807330a6f2c36d667ee1a2c4f414 -> 9ebe337aca2d71ac02fccc5c886e0668
  custom:scripting/monoscript/fileName/StringUtils.cs: cd553e77d1122a9b1572dc41482ec6fa -> e49393bed9b27f8092372b1c93fd8ad8
  custom:scripting/monoscript/fileName/StringBuilderExtensions.cs: ce23927f3c011b62498875f4f9a60a9a -> 14a3bca92eed52569c50d58813f48a9b
  custom:scripting/monoscript/fileName/IGenerator.cs: e53c624814a84a932e0860f584f7deb9 -> 7460422a7cf0a449df86606b185ffb0e
  custom:scripting/monoscript/fileName/IAssemblyNameProvider.cs: de79d586ca221e8ac344be669ec25f7e -> 005dc9d9c07dc825fea94e0fbc841e20
  custom:scripting/monoscript/fileName/GUIDProvider.cs: 27f6b36734be7c6510b3f0cc4a697fc7 -> cdd3f47e4fe593d2dfdf9915fa537e3f
  custom:container-muxer-webm: aa71ff27fc2769a1b78a27578f13a17b -> 
  custom:scripting/monoscript/fileName/IGUIDGenerator.cs: 153317bb7bf55f081a729ef02e3a13bd -> bad2c2e3b2dbec33c36bdfd6fc903e19
  custom:video-decoder-webm-vp8: 9c59270c3fd7afecdb556c50c9e8de78 -> 
  custom:scripting/monoscript/fileName/RiderAssetPostprocessor.cs: e6ad4f374cd20986773f123ef82b628b -> e95044eb94149eee30f5192e36c02104
  custom:scripting/monoscript/fileName/EscapeToQuit.cs: 384681f22637b3e39e17d1e2f6251f1a -> 8f118558f30242c0cd6448182d0469ed
  custom:scripting/monoscript/fileName/SerializableVersion.cs: 37d1dc623e9e336a7d92f02239a5eea0 -> 66cf30c0372dc35aea960f71af56ff8a
  custom:scripting/monoscript/fileName/DoorToNextScene.cs: e38e1e20427dc57b7f25acb11f6ec56d -> 980ad7855920f215fd66a340a41197be
  custom:SearchIndexIgnoredProperties: e643bd26f0fe6173181afceb89e7c659 -> 
  custom:AudioImporter_EditorPlatform: d09bf68614088b80899f8185d706f6e7 -> 
  custom:scripting/monoscript/fileName/RiderMenu.cs: 2f14cf7eed9a2ad63962ab0ec2641b7b -> a430c0ff873704a92fbd3fa96f173c8d
  custom:scripting/monoscript/fileName/Discovery.cs: 8029393f215a21f61e4b017c92f6b3d9 -> 2b1006b9be47307c73378eaafc98b6fb
  custom:scripting/monoscript/fileName/CameraRotation3.cs: 3283ac62921d7e5eccfbe733022ab001 -> 85be7e095b5eec76a75ac5fa7bcf6991
  custom:scripting/monoscript/fileName/FileIOProvider.cs: cd91aaa86c461e807d984ea50a1f782b -> 304525d180d2b661ce338fc8a3225752
  custom:scripting/monoscript/fileName/FileSystemUtil.cs: 6856b263874916a35e9cabf0faa6bad8 -> 3a1d37ca0015bdfbd542c903cf738043
  custom:scripting/monoscript/fileName/StartUpMethodExecutor.cs: ecce11359b7760342ad14bc80bad2220 -> 45cc23141d36926881d69e4d2f8950c7
  custom:scripting/monoscript/fileName/EnterToStart.cs: 5f194305005f30b9eb4ee2f571f7894d -> d026f729557c2d255a108cde92ecb750
  custom:scripting/monoscript/fileName/spinner.cs: afa2edc38e30bd8837739b43c29a9b91 -> 8938889eb94290a4926904f37c7d50d2
  custom:video-encoder-webm-vp8: eb34c28f22e8b96e1ab97ce403110664 -> 
  custom:audio-decoder-ogg-vorbis: bf7c407c2cedff20999df2af8eb42d56 -> 
  custom:scripting/monoscript/fileName/PackageManagerTracker.cs: 6b4f549427cfb6e5a3495618f2118a44 -> 651bbc6653e509037fd83f80aa48fad7
  custom:scripting/monoscript/fileName/RiderScriptEditorDataPersisted.cs: 86b94c4c59f51e667ab7e1f2d997c184 -> 93e7c36b8be60b7055550adb6ace534f
  custom:scripting/monoscript/fileName/CameraRotation2.cs: f155ae9b37cbcf32fccb86006d73a278 -> bbb04ec7f702fabb24cf3019a02c0f23
  custom:scripting/monoscript/fileName/AssemblyNameProvider.cs: 3f6d31526fee168fdd424ef9cb4d7d60 -> 170b0fd934f78f2e6a09342014bfa1fc
  custom:scripting/monoscript/fileName/EditorPluginInterop.cs: 1a28103090f24bb43afd0997a69f9b48 -> 087796556f1ed2025e28209e52d82ccc
  custom:scripting/monoscript/fileName/DeathPlane.cs: b53207f75689c8c0ff8b0d9e7bed8f9c -> 1669dd841ab500fd3168e1b06d0c8d34
  custom:scripting/monoscript/fileName/MusicPlayer.cs: 5a9d8b555156c6ed3b49e974e164be6a -> 245f9a2e9705e888ee5f9db7bea16de9
  custom:scripting/monoscript/fileName/RiderScriptEditorData.cs: ac763da56c18afcbbc99b7cf67651110 -> fb9aed0c9d95878995d450a00d549f78
  custom:scripting/monoscript/fileName/RiderTestRunner.cs: a09449e7603772ef60589c92d46be0c3 -> b9ea3ff0565ae2955ea8f15dd6e578d4
  custom:scripting/monoscript/fileName/PlayerMovement.cs: 5c1499cfc43e291157e191fb54bb34f9 -> 42480eed24e61f9d7e7e895933644f96
  custom:audio-encoder-webm-vorbis: bf7c407c2cedff20999df2af8eb42d56 -> 
  custom:scripting/monoscript/fileName/PluginSettings.cs: 727424108b6598a2387dd87fa5ed687f -> 4ee82f9c59f87f1dece05e6b9763c365
  custom:scripting/monoscript/fileName/LibcNativeInterop.cs: c73f097a3ef89ebf41e7633fc6e71aff -> 77c1db6bef2e1063dc874463b520ed18
  custom:scripting/monoscript/fileName/CallbackData.cs: 244f50edb9a06e595eeca45abc022db5 -> b15b13425eedd78fb5c4fc4930a9e8b4
Editor requested this worker to shutdown with reason: Scaling down because of idle timeout
TcpMessagingSession - receive error: operation aborted. errorcode: 995, details: The I/O operation has been aborted because of either a thread exit or an application request.
AssetImportWorker is now disconnected from the server
Process exiting
Exiting without the bug reporter. Application will terminate with return code 0